Using pre-set license
Built from '2020.3/release' branch; Version is '2020.3.2f1 (8fd9074bf66c) revision 9427207'; Using compiler version '192528614'; Build Type 'Release'
OS: 'Windows 10 Education; OS build 18363.1977; Version 1909; 64bit' Language: 'en' Physical Memory: 16329 MB
BatchMode: 1, IsHumanControllingUs: 0, StartBugReporterOnCrash: 0, Is64bit: 1, IsPro: 0

 COMMAND LINE ARGUMENTS:
C:\Program Files\Unity\Hub\Editor\2020.3.2f1\Editor\Unity.exe
-adb2
-batchMode
-noUpm
-name
AssetImportWorker0
-projectPath
C:/Users/Bradley/Documents/unityNeat/UnityNEAT/Moroni Map
-logFile
Logs/AssetImportWorker0.log
-srvPort
50827
Successfully changed project path to: C:/Users/Bradley/Documents/unityNeat/UnityNEAT/Moroni Map
C:/Users/Bradley/Documents/unityNeat/UnityNEAT/Moroni Map
Using Asset Import Pipeline V2.
Refreshing native plugins compatible for Editor in 21.23 ms, found 0 plugins.
Preloading 0 native plugins for Editor in 0.00 ms.
Initialize engine version: 2020.3.2f1 (8fd9074bf66c)
[Subsystems] Discovering subsystems at path C:/Program Files/Unity/Hub/Editor/2020.3.2f1/Editor/Data/Resources/UnitySubsystems
[Subsystems] Discovering subsystems at path C:/Users/Bradley/Documents/unityNeat/UnityNEAT/Moroni Map/Assets
GfxDevice: creating device client; threaded=0
Direct3D:
    Version:  Direct3D 11.0 [level 11.1]
    Renderer: NVIDIA GeForce GTX 1070 (ID=0x1b81)
    Vendor:   
    VRAM:     8088 MB
    Driver:   27.21.14.5671
Initialize mono
Mono path[0] = 'C:/Program Files/Unity/Hub/Editor/2020.3.2f1/Editor/Data/Managed'
Mono path[1] = 'C:/Program Files/Unity/Hub/Editor/2020.3.2f1/Editor/Data/MonoBleedingEdge/lib/mono/unityjit'
Mono config path = 'C:/Program Files/Unity/Hub/Editor/2020.3.2f1/Editor/Data/MonoBleedingEdge/etc'
Using monoOptions --debugger-agent=transport=dt_socket,embedding=1,server=y,suspend=n,address=127.0.0.1:56360
Begin MonoManager ReloadAssembly
Registering precompiled unity dll's ...
Register platform support module: C:/Program Files/Unity/Hub/Editor/2020.3.2f1/Editor/Data/PlaybackEngines/WebGLSupport/UnityEditor.WebGL.Extensions.dll
Register platform support module: C:/Program Files/Unity/Hub/Editor/2020.3.2f1/Editor/Data/PlaybackEngines/WindowsStandaloneSupport/UnityEditor.WindowsStandalone.Extensions.dll
Registered in 0.003444 seconds.
Native extension for WindowsStandalone target not found
Native extension for WebGL target not found
Refreshing native plugins compatible for Editor in 21.22 ms, found 0 plugins.
Preloading 0 native plugins for Editor in 0.00 ms.
Invoked RoslynAnalysisRunner static constructor.
RoslynAnalysisRunner will not be running.
RoslynAnalysisRunner has terminated.
Mono: successfully reloaded assembly
- Completed reload, in  2.385 seconds
Platform modules already initialized, skipping
Registering precompiled user dll's ...
Registered in 0.000878 seconds.
Begin MonoManager ReloadAssembly
Native extension for WindowsStandalone target not found
Native extension for WebGL target not found
Refreshing native plugins compatible for Editor in 0.20 ms, found 0 plugins.
Preloading 0 native plugins for Editor in 0.00 ms.
Invoked RoslynAnalysisRunner static constructor.
RoslynAnalysisRunner will not be running.
RoslynAnalysisRunner has terminated.
Mono: successfully reloaded assembly
- Completed reload, in  0.801 seconds
Platform modules already initialized, skipping
========================================================================
Worker process is ready to serve import requests
Launched and connected shader compiler UnityShaderCompiler.exe after 0.06 seconds
Refreshing native plugins compatible for Editor in 0.24 ms, found 0 plugins.
Preloading 0 native plugins for Editor in 0.00 ms.
Unloading 1116 Unused Serialized files (Serialized files now loaded: 0)
System memory in use before: 57.2 MB.
System memory in use after: 57.2 MB.

Unloading 10 unused Assets to reduce memory usage. Loaded Objects now: 1558.
Total: 1.681200 ms (FindLiveObjects: 0.146600 ms CreateObjectMapping: 0.034900 ms MarkObjects: 1.428200 ms  DeleteObjects: 0.070700 ms)

========================================================================
Received Import Request.
  path: Assets/Images/world-map.gif
  artifactKey: Guid(8f41442facac93e4a8345020faf9f39c) Importer(815301076,1909f56bfc062723c751e8b465ee728b)
Start importing Assets/Images/world-map.gif using Guid(8f41442facac93e4a8345020faf9f39c) Importer(815301076,1909f56bfc062723c751e8b465ee728b)  -> (artifact id: '9aed5dfc45ce41c5c3da03928973b473') in 0.107790 seconds
  Import took 0.110076 seconds .

========================================================================
Received Import Request.
  Time since last request: 27.150745 seconds.
  path: Assets/Images/world-map.png
  artifactKey: Guid(b2714b4f400b74e4f8f1dbe3ab069a5a) Importer(815301076,1909f56bfc062723c751e8b465ee728b)
Start importing Assets/Images/world-map.png using Guid(b2714b4f400b74e4f8f1dbe3ab069a5a) Importer(815301076,1909f56bfc062723c751e8b465ee728b)  -> (artifact id: 'cf1eaab76c6ab339cb3c17a4ae2c5737') in 0.010289 seconds
  Import took 0.012292 seconds .

========================================================================
Received Import Request.
  Time since last request: 16.672255 seconds.
  path: Assets/Images/Materials/world-map.mat
  artifactKey: Guid(91bba3d6e73c76246b07dee994e8a242) Importer(815301076,1909f56bfc062723c751e8b465ee728b)
Start importing Assets/Images/Materials/world-map.mat using Guid(91bba3d6e73c76246b07dee994e8a242) Importer(815301076,1909f56bfc062723c751e8b465ee728b)  -> (artifact id: '3dd9220a216373ded13a36c3f682261d') in 0.078006 seconds
  Import took 0.080940 seconds .

========================================================================
Received Prepare
Registering precompiled user dll's ...
Registered in 0.000909 seconds.
Begin MonoManager ReloadAssembly
Native extension for WindowsStandalone target not found
Native extension for WebGL target not found
Refreshing native plugins compatible for Editor in 0.24 ms, found 0 plugins.
Preloading 0 native plugins for Editor in 0.00 ms.
Invoked RoslynAnalysisRunner static constructor.
RoslynAnalysisRunner will not be running.
RoslynAnalysisRunner has terminated.
Mono: successfully reloaded assembly
- Completed reload, in  0.706 seconds
Platform modules already initialized, skipping
Refreshing native plugins compatible for Editor in 0.20 ms, found 0 plugins.
Preloading 0 native plugins for Editor in 0.00 ms.
Unloading 1111 Unused Serialized files (Serialized files now loaded: 0)
System memory in use before: 60.4 MB.
System memory in use after: 60.5 MB.

Unloading 5 unused Assets to reduce memory usage. Loaded Objects now: 1603.
Total: 1.813100 ms (FindLiveObjects: 0.145600 ms CreateObjectMapping: 0.057200 ms MarkObjects: 1.565300 ms  DeleteObjects: 0.044100 ms)

========================================================================
Received Import Request.
  Time since last request: 37.534720 seconds.
  path: Assets/Scripts/MeshGenerator.cs
  artifactKey: Guid(64f5e02aa4c72cd4fbe7bed374f35419) Importer(815301076,1909f56bfc062723c751e8b465ee728b)
Start importing Assets/Scripts/MeshGenerator.cs using Guid(64f5e02aa4c72cd4fbe7bed374f35419) Importer(815301076,1909f56bfc062723c751e8b465ee728b)  -> (artifact id: 'e666277bafb74aaba557cbb30a57e245') in 0.010193 seconds
  Import took 0.012204 seconds .

========================================================================
Received Import Request.
  Time since last request: 0.019324 seconds.
  path: Assets/Scripts/MeshGenerator.cs
  artifactKey: Guid(64f5e02aa4c72cd4fbe7bed374f35419) Importer(815301076,1909f56bfc062723c751e8b465ee728b)
Start importing Assets/Scripts/MeshGenerator.cs using Guid(64f5e02aa4c72cd4fbe7bed374f35419) Importer(815301076,1909f56bfc062723c751e8b465ee728b)  -> (artifact id: 'e666277bafb74aaba557cbb30a57e245') in 0.002183 seconds
  Import took 0.004313 seconds .

========================================================================
Received Prepare
Registering precompiled user dll's ...
Registered in 0.001402 seconds.
Begin MonoManager ReloadAssembly
Native extension for WindowsStandalone target not found
Native extension for WebGL target not found
Refreshing native plugins compatible for Editor in 0.31 ms, found 0 plugins.
Preloading 0 native plugins for Editor in 0.00 ms.
Invoked RoslynAnalysisRunner static constructor.
RoslynAnalysisRunner will not be running.
RoslynAnalysisRunner has terminated.
Mono: successfully reloaded assembly
- Completed reload, in  0.839 seconds
Platform modules already initialized, skipping
Refreshing native plugins compatible for Editor in 0.20 ms, found 0 plugins.
Preloading 0 native plugins for Editor in 0.00 ms.
Unloading 1111 Unused Serialized files (Serialized files now loaded: 0)
System memory in use before: 60.5 MB.
System memory in use after: 60.6 MB.

Unloading 5 unused Assets to reduce memory usage. Loaded Objects now: 1606.
Total: 1.826100 ms (FindLiveObjects: 0.188200 ms CreateObjectMapping: 0.045800 ms MarkObjects: 1.491500 ms  DeleteObjects: 0.099400 ms)

========================================================================
Received Import Request.
  Time since last request: 30.265527 seconds.
  path: Assets/Scripts/MeshGenerator.cs
  artifactKey: Guid(64f5e02aa4c72cd4fbe7bed374f35419) Importer(815301076,1909f56bfc062723c751e8b465ee728b)
Start importing Assets/Scripts/MeshGenerator.cs using Guid(64f5e02aa4c72cd4fbe7bed374f35419) Importer(815301076,1909f56bfc062723c751e8b465ee728b)  -> (artifact id: '767bcee61c7cc3c77ea7a0363e493d66') in 0.004950 seconds
  Import took 0.006859 seconds .

========================================================================
Received Prepare
Registering precompiled user dll's ...
Registered in 0.000794 seconds.
Begin MonoManager ReloadAssembly
Native extension for WindowsStandalone target not found
Native extension for WebGL target not found
Refreshing native plugins compatible for Editor in 0.20 ms, found 0 plugins.
Preloading 0 native plugins for Editor in 0.00 ms.
Invoked RoslynAnalysisRunner static constructor.
RoslynAnalysisRunner will not be running.
RoslynAnalysisRunner has terminated.
Mono: successfully reloaded assembly
- Completed reload, in  0.719 seconds
Platform modules already initialized, skipping
Refreshing native plugins compatible for Editor in 0.20 ms, found 0 plugins.
Preloading 0 native plugins for Editor in 0.00 ms.
Unloading 1111 Unused Serialized files (Serialized files now loaded: 0)
System memory in use before: 60.5 MB.
System memory in use after: 60.6 MB.

Unloading 5 unused Assets to reduce memory usage. Loaded Objects now: 1609.
Total: 1.535800 ms (FindLiveObjects: 0.129500 ms CreateObjectMapping: 0.033800 ms MarkObjects: 1.332400 ms  DeleteObjects: 0.039500 ms)

========================================================================
Received Prepare
Registering precompiled user dll's ...
Registered in 0.001230 seconds.
Begin MonoManager ReloadAssembly
Native extension for WindowsStandalone target not found
Native extension for WebGL target not found
Refreshing native plugins compatible for Editor in 0.20 ms, found 0 plugins.
Preloading 0 native plugins for Editor in 0.00 ms.
Invoked RoslynAnalysisRunner static constructor.
RoslynAnalysisRunner will not be running.
RoslynAnalysisRunner has terminated.
Mono: successfully reloaded assembly
- Completed reload, in  0.717 seconds
Platform modules already initialized, skipping
Refreshing native plugins compatible for Editor in 0.20 ms, found 0 plugins.
Preloading 0 native plugins for Editor in 0.00 ms.
Unloading 1111 Unused Serialized files (Serialized files now loaded: 0)
System memory in use before: 60.5 MB.
System memory in use after: 60.6 MB.

Unloading 5 unused Assets to reduce memory usage. Loaded Objects now: 1612.
Total: 1.680500 ms (FindLiveObjects: 0.179500 ms CreateObjectMapping: 0.046500 ms MarkObjects: 1.408700 ms  DeleteObjects: 0.044700 ms)

========================================================================
Received Import Request.
  Time since last request: 21.512705 seconds.
  path: Assets/Scripts/MeshGenerator.cs
  artifactKey: Guid(64f5e02aa4c72cd4fbe7bed374f35419) Importer(815301076,1909f56bfc062723c751e8b465ee728b)
Start importing Assets/Scripts/MeshGenerator.cs using Guid(64f5e02aa4c72cd4fbe7bed374f35419) Importer(815301076,1909f56bfc062723c751e8b465ee728b)  -> (artifact id: 'b9d74d0f6a97965b52bb83bd6f28ec7d') in 0.004589 seconds
  Import took 0.006632 seconds .

========================================================================
Received Import Request.
  Time since last request: 1.519614 seconds.
  path: Assets/Scripts/MeshGenerator.cs
  artifactKey: Guid(64f5e02aa4c72cd4fbe7bed374f35419) Importer(815301076,1909f56bfc062723c751e8b465ee728b)
Start importing Assets/Scripts/MeshGenerator.cs using Guid(64f5e02aa4c72cd4fbe7bed374f35419) Importer(815301076,1909f56bfc062723c751e8b465ee728b)  -> (artifact id: 'b9d74d0f6a97965b52bb83bd6f28ec7d') in 0.002424 seconds
  Import took 0.004407 seconds .

========================================================================
Received Prepare
Registering precompiled user dll's ...
Registered in 0.000913 seconds.
Begin MonoManager ReloadAssembly
Native extension for WindowsStandalone target not found
Native extension for WebGL target not found
Refreshing native plugins compatible for Editor in 0.19 ms, found 0 plugins.
Preloading 0 native plugins for Editor in 0.00 ms.
Invoked RoslynAnalysisRunner static constructor.
RoslynAnalysisRunner will not be running.
RoslynAnalysisRunner has terminated.
Mono: successfully reloaded assembly
- Completed reload, in  0.749 seconds
Platform modules already initialized, skipping
Refreshing native plugins compatible for Editor in 0.20 ms, found 0 plugins.
Preloading 0 native plugins for Editor in 0.00 ms.
Unloading 1111 Unused Serialized files (Serialized files now loaded: 0)
System memory in use before: 60.5 MB.
System memory in use after: 60.6 MB.

Unloading 5 unused Assets to reduce memory usage. Loaded Objects now: 1615.
Total: 1.573500 ms (FindLiveObjects: 0.132200 ms CreateObjectMapping: 0.057300 ms MarkObjects: 1.344100 ms  DeleteObjects: 0.039200 ms)

========================================================================
Received Prepare
Registering precompiled user dll's ...
Registered in 0.000970 seconds.
Begin MonoManager ReloadAssembly
Native extension for WindowsStandalone target not found
Native extension for WebGL target not found
Refreshing native plugins compatible for Editor in 0.24 ms, found 0 plugins.
Preloading 0 native plugins for Editor in 0.00 ms.
Invoked RoslynAnalysisRunner static constructor.
RoslynAnalysisRunner will not be running.
RoslynAnalysisRunner has terminated.
Mono: successfully reloaded assembly
- Completed reload, in  0.715 seconds
Platform modules already initialized, skipping
Refreshing native plugins compatible for Editor in 0.22 ms, found 0 plugins.
Preloading 0 native plugins for Editor in 0.00 ms.
Unloading 1111 Unused Serialized files (Serialized files now loaded: 0)
System memory in use before: 60.5 MB.
System memory in use after: 60.6 MB.

Unloading 5 unused Assets to reduce memory usage. Loaded Objects now: 1618.
Total: 1.684900 ms (FindLiveObjects: 0.150800 ms CreateObjectMapping: 0.070500 ms MarkObjects: 1.417200 ms  DeleteObjects: 0.045500 ms)

========================================================================
Received Import Request.
  Time since last request: 27.774479 seconds.
  path: Assets/Scripts/MeshGenerator.cs
  artifactKey: Guid(64f5e02aa4c72cd4fbe7bed374f35419) Importer(815301076,1909f56bfc062723c751e8b465ee728b)
Start importing Assets/Scripts/MeshGenerator.cs using Guid(64f5e02aa4c72cd4fbe7bed374f35419) Importer(815301076,1909f56bfc062723c751e8b465ee728b)  -> (artifact id: '0e67e13cb0f03c139c7a237af93940db') in 0.004231 seconds
  Import took 0.006210 seconds .

========================================================================
Received Import Request.
  Time since last request: 1.400915 seconds.
  path: Assets/Scripts/MeshGenerator.cs
  artifactKey: Guid(64f5e02aa4c72cd4fbe7bed374f35419) Importer(815301076,1909f56bfc062723c751e8b465ee728b)
Start importing Assets/Scripts/MeshGenerator.cs using Guid(64f5e02aa4c72cd4fbe7bed374f35419) Importer(815301076,1909f56bfc062723c751e8b465ee728b)  -> (artifact id: '0e67e13cb0f03c139c7a237af93940db') in 0.002204 seconds
  Import took 0.004126 seconds .

========================================================================
Received Prepare
Registering precompiled user dll's ...
Registered in 0.000817 seconds.
Begin MonoManager ReloadAssembly
Native extension for WindowsStandalone target not found
Native extension for WebGL target not found
Refreshing native plugins compatible for Editor in 0.20 ms, found 0 plugins.
Preloading 0 native plugins for Editor in 0.00 ms.
Invoked RoslynAnalysisRunner static constructor.
RoslynAnalysisRunner will not be running.
RoslynAnalysisRunner has terminated.
Mono: successfully reloaded assembly
- Completed reload, in  0.693 seconds
Platform modules already initialized, skipping
Refreshing native plugins compatible for Editor in 0.20 ms, found 0 plugins.
Preloading 0 native plugins for Editor in 0.00 ms.
Unloading 1111 Unused Serialized files (Serialized files now loaded: 0)
System memory in use before: 60.5 MB.
System memory in use after: 60.6 MB.

Unloading 5 unused Assets to reduce memory usage. Loaded Objects now: 1621.
Total: 1.589400 ms (FindLiveObjects: 0.133900 ms CreateObjectMapping: 0.057700 ms MarkObjects: 1.359000 ms  DeleteObjects: 0.038100 ms)

AssetImportWorkerClient::OnTransportError - code=2 error=End of file
